
=== Fri Sep 13 16:55:57 2019

Packages were changed.
Update Mode: updateDependencies

The following packages were added:
  com.unity.2d.tilemap@1.0.0
  com.unity.analytics@3.3.2
  com.unity.purchasing@2.0.6
  com.unity.ads@2.0.8
  com.unity.textmeshpro@2.0.1
  com.unity.collab-proxy@1.2.16
  com.unity.test-framework@1.1.1
  com.unity.2d.sprite@1.0.0
  com.unity.ide.rider@1.1.0
  com.unity.ugui@1.0.0
  com.unity.xr.legacyinputhelpers@1.3.7
  com.unity.multiplayer-hlapi@1.0.4

=== Thu Oct 24 11:33:55 2019

Packages were changed.
Update Mode: updateDependencies

The following packages were updated:
  com.unity.ide.vscode from version 1.0.7 to 1.1.2
  com.unity.render-pipelines.universal from version 7.0.1 to 7.1.1
  com.unity.test-framework from version 1.1.1 to 1.1.2
  com.unity.timeline from version 1.2.1 to 1.2.2

=== Mon Oct 28 16:46:01 2019

Packages were changed.
Update Mode: updateDependencies

The following packages were updated:
  com.unity.test-framework from version 1.1.2 to 1.1.3
  com.unity.timeline from version 1.2.2 to 1.2.4
